\BOOKMARK [1][-]{section.1}{Wersje konsol}{}% 1
\BOOKMARK [1][-]{section.2}{Specyfikacja konsoli}{}% 2
\BOOKMARK [2][-]{subsection.2.1}{Rejestry kontrolujace PPU}{section.2}% 3
\BOOKMARK [2][-]{subsection.2.2}{Rejestry kontrolujace APU}{section.2}% 4
\BOOKMARK [1][-]{section.3}{Projekt}{}% 5
\BOOKMARK [2][-]{subsection.3.0}{Absolutne minimum}{section.3}% 6
\BOOKMARK [2][-]{subsection.3.1}{W\233asciwe "Hello World"}{section.3}% 7
\BOOKMARK [2][-]{subsection.3.2}{Paleta kolor\363w}{section.3}% 8
\BOOKMARK [2][-]{subsection.3.3}{Grafika - Sprite'y}{section.3}% 9
\BOOKMARK [2][-]{subsection.3.4}{Grafika - T\233o}{section.3}% 10
\BOOKMARK [2][-]{subsection.3.5}{Synchronizacja petli g\233\363wnej programu z NMI}{section.3}% 11
\BOOKMARK [2][-]{subsection.3.6}{Rozpoznawanie regionu konsoli}{section.3}% 12
\BOOKMARK [2][-]{subsection.3.7}{Drugi ekran z t\233em, przewijanie ekranu}{section.3}% 13
\BOOKMARK [2][-]{subsection.3.8}{Podprogramy / procedury}{section.3}% 14
\BOOKMARK [2][-]{subsection.3.9}{Liczenie czasu}{section.3}% 15
\BOOKMARK [2][-]{subsection.3.10}{Animacja grafiki}{section.3}% 16
\BOOKMARK [2][-]{subsection.3.11}{Podzia\233 projektu na pliki}{section.3}% 17
\BOOKMARK [2][-]{subsection.3.12}{Obs\233uga kontrolera}{section.3}% 18
\BOOKMARK [2][-]{subsection.3.13}{Implementacja tryb\363w programu}{section.3}% 19
\BOOKMARK [1][-]{section.4}{Informacje o platformie}{}% 20
\BOOKMARK [2][-]{subsection.4.1}{Zero Page}{section.4}% 21
\BOOKMARK [2][-]{subsection.4.2}{NMI}{section.4}% 22
\BOOKMARK [2][-]{subsection.4.3}{PPU}{section.4}% 23
\BOOKMARK [2][-]{subsection.4.4}{Mapper}{section.4}% 24
\BOOKMARK [2][-]{subsection.4.5}{Pattern Table}{section.4}% 25
\BOOKMARK [2][-]{subsection.4.6}{Nametable}{section.4}% 26
\BOOKMARK [2][-]{subsection.4.7}{Paleta barw}{section.4}% 27
\BOOKMARK [1][-]{section.5}{Narzedzia}{}% 28
\BOOKMARK [2][-]{subsection.5.1}{CA65}{section.5}% 29
\BOOKMARK [2][-]{subsection.5.2}{Mesen}{section.5}% 30
\BOOKMARK [2][-]{subsection.5.3}{NES Screen Tool}{section.5}% 31
\BOOKMARK [2][-]{subsection.5.4}{FamiTracker}{section.5}% 32
